<?xml version="1.0" encoding="UTF-8"?>
<!-- Generated by org.testng.reporters.JUnitReportReporter -->
<testsuite name="pageFactoryTestCases.tesingClass" tests="1" time="0.972" ignored="1" failures="0" timestamp="20 May 2017 04:56:36 GMT" skipped="0" hostname="Ketan-PC" errors="0">
  <testcase name="Substract" time="0.972" classname="pageFactoryTestCases.tesingClass"/>
  <testcase name="add" classname="pageFactoryTestCases.tesingClass">
    <skipped/>
  </testcase> <!-- add -->
</testsuite> <!-- pageFactoryTestCases.tesingClass -->
