<?xml version="1.0" encoding="UTF-8"?>
<!-- Generated by org.testng.reporters.JUnitReportReporter -->
<testsuite hostname="SYN-191728" name="pageFactoryTestCases.TreadClass" tests="3" failures="0" timestamp="28 Apr 2017 14:07:54 GMT" time="0.032" errors="0">
  <testcase name="AddMsfh" time="0.002" classname="pageFactoryTestCases.TreadClass"/>
  <testcase name="Add" time="0.029" classname="pageFactoryTestCases.TreadClass"/>
  <testcase name="AddM" time="0.001" classname="pageFactoryTestCases.TreadClass"/>
</testsuite> <!-- pageFactoryTestCases.TreadClass -->
