<?xml version="1.0" encoding="UTF-8"?>
<!-- Generated by org.testng.reporters.JUnitReportReporter -->
<testsuite hostname="IPAD25046" name="pageFactoryTestCases.TestClass" tests="3" failures="0" timestamp="16 Mar 2017 10:55:36 GMT" time="0.498" errors="0">
  <testcase name="SecondMethod" time="0.008" classname="pageFactoryTestCases.TestClass"/>
  <testcase name="FirstMethod" time="0.486" classname="pageFactoryTestCases.TestClass"/>
  <testcase name="ThirdMethod" time="0.004" classname="pageFactoryTestCases.TestClass"/>
</testsuite> <!-- pageFactoryTestCases.TestClass -->
