<?xml version="1.0" encoding="UTF-8"?>
<!-- Generated by org.testng.reporters.JUnitReportReporter -->
<testsuite name="pageFactoryTestCases.Patient_data_provider" tests="2" time="0.007" ignored="1" failures="0" timestamp="26 May 2017 18:07:49 GMT" skipped="0" hostname="Ketan-PC" errors="0">
  <testcase name="add" time="0.003" classname="pageFactoryTestCases.Patient_data_provider"/>
  <testcase name="addM" time="0.004" classname="pageFactoryTestCases.Patient_data_provider"/>
  <testcase name="blankEmailIDLogin" classname="pageFactoryTestCases.LoginPageTestCases">
    <skipped/>
  </testcase> <!-- blankEmailIDLogin -->
</testsuite> <!-- pageFactoryTestCases.Patient_data_provider -->
