<?xml version="1.0" encoding="UTF-8"?>
<!-- Generated by org.testng.reporters.JUnitReportReporter -->
<testsuite hostname="Ketan-PC" name="pageFactoryTestCases.tesingClass" tests="2" failures="0" timestamp="18 May 2017 05:19:31 GMT" time="1.535" errors="0">
  <testcase name="add" time="0.064" classname="pageFactoryTestCases.tesingClass"/>
  <testcase name="Substract" time="1.471" classname="pageFactoryTestCases.tesingClass"/>
</testsuite> <!-- pageFactoryTestCases.tesingClass -->
